[0.091s] Invoking command in '/home/cone/ws_offboard_control/build/px4_offboard_control': CMAKE_PREFIX_PATH=/home/cone/ws_offboard_control/install/px4_msgs:/home/cone/ws_offboard_control/install/px4_offboard_control:/home/cone/ros2_ws/install/my_camera_pkg:/opt/ros/humble /usr/bin/cmake --build /home/cone/ws_offboard_control/build/px4_offboard_control -- -j4 -l4
[0.670s] [35m[1mConsolidate compiler generated dependencies of target offboard_control[0m
[0.878s] [ 25%] [32mBuilding CXX object CMakeFiles/offboard_control.dir/src/offboard_control.cpp.o[0m
[0.883s] [ 75%] Built target offboard_control_default
[14.607s] [01m[K/home/cone/ws_offboard_control/src/px4_offboard_control/src/offboard_control.cpp:[m[K In constructor â€˜[01m[KOffboardControl::OffboardControl()[m[Kâ€™:
[14.608s] [01m[K/home/cone/ws_offboard_control/src/px4_offboard_control/src/offboard_control.cpp:222:9:[m[K [01;31m[Kerror: [m[Kâ€˜[01m[Kadjust_postition[m[Kâ€™ was not declared in this scope; did you mean â€˜[01m[Kadjust_position[m[Kâ€™?
[14.608s]   222 |         [01;31m[Kadjust_postition[m[K(4.0,0.0, -4.0, 0.0);
[14.609s]       |         [01;31m[K^~~~~~~~~~~~~~~~[m[K
[14.609s]       |         [32m[Kadjust_position[m[K
[25.655s] gmake[2]: *** [CMakeFiles/offboard_control.dir/build.make:76: CMakeFiles/offboard_control.dir/src/offboard_control.cpp.o] Error 1
[25.656s] gmake[1]: *** [CMakeFiles/Makefile2:139: CMakeFiles/offboard_control.dir/all] Error 2
[25.657s] gmake: *** [Makefile:146: all] Error 2
[25.665s] Invoked command in '/home/cone/ws_offboard_control/build/px4_offboard_control' returned '2': CMAKE_PREFIX_PATH=/home/cone/ws_offboard_control/install/px4_msgs:/home/cone/ws_offboard_control/install/px4_offboard_control:/home/cone/ros2_ws/install/my_camera_pkg:/opt/ros/humble /usr/bin/cmake --build /home/cone/ws_offboard_control/build/px4_offboard_control -- -j4 -l4
